<?xml version="1.0" encoding="UTF-8"?>
<!-- Generated by org.testng.reporters.JUnitReportReporter -->
<testsuite hostname="LAPTOP-DBNJDIUQ" failures="0" tests="2" name="phoenixtesting.Notification_Test" time="45.008" errors="0" timestamp="2022-07-18T16:57:57 IST" skipped="0">
  <testcase classname="phoenixtesting.Notification_Test" name="clickOnNotification" time="20.125"/>
  <system-out/>
  <testcase classname="phoenixtesting.Notification_Test" name="scrollToBottom" time="24.883"/>
  <system-out/>
</testsuite> <!-- phoenixtesting.Notification_Test -->
