<?xml version="1.0" encoding="UTF-8"?>
<!-- Generated by org.testng.reporters.JUnitReportReporter -->
<testsuite hostname="LAPTOP-DBNJDIUQ" failures="0" tests="2" name="testcases.LaunchAppTest" time="18.794" errors="0" timestamp="2022-06-15T15:55:36 IST" skipped="0">
  <testcase classname="testcases.LaunchAppTest" name="setupApp" time="8.713"/>
  <system-out/>
  <testcase classname="testcases.LaunchAppTest" name="GetAppLaunch" time="10.081"/>
  <system-out/>
</testsuite> <!-- testcases.LaunchAppTest -->
