<?xml version="1.0" encoding="UTF-8"?>
<!-- Generated by org.testng.reporters.JUnitReportReporter -->
<testsuite hostname="LAPTOP-DBNJDIUQ" failures="0" tests="2" name="phoenixtesting.MemberParking_Test" time="8.667" errors="0" timestamp="2022-07-18T13:29:17 IST" skipped="0">
  <testcase classname="phoenixtesting.MemberParking_Test" name="BookYourparking" time="5.396"/>
  <system-out/>
  <testcase classname="phoenixtesting.MemberParking_Test" name="bookingparking" time="3.271"/>
  <system-out/>
</testsuite> <!-- phoenixtesting.MemberParking_Test -->
