<?xml version="1.0" encoding="UTF-8"?>
<!-- Generated by org.testng.reporters.JUnitReportReporter -->
<testsuite hostname="LAPTOP-DBNJDIUQ" failures="0" tests="6" name="phoenixtesting.Profile_Test" time="27.332" errors="0" timestamp="2022-07-18T16:57:57 IST" skipped="0">
  <testcase classname="phoenixtesting.Profile_Test" name="editprofilesectionName" time="8.974"/>
  <system-out/>
  <testcase classname="phoenixtesting.Profile_Test" name="editprofilesectionMail" time="5.326"/>
  <system-out/>
  <testcase classname="phoenixtesting.Profile_Test" name="selectgender" time="2.686"/>
  <system-out/>
  <testcase classname="phoenixtesting.Profile_Test" name="Scroll" time="3.782"/>
  <system-out/>
  <testcase classname="phoenixtesting.Profile_Test" name="SaveBirthDayDate" time="2.280"/>
  <system-out/>
  <testcase classname="phoenixtesting.Profile_Test" name="SaveAniversayDate" time="4.284"/>
  <system-out/>
</testsuite> <!-- phoenixtesting.Profile_Test -->
