<?xml version="1.0" encoding="UTF-8"?>
<!-- Generated by org.testng.reporters.JUnitReportReporter -->
<testsuite hostname="LAPTOP-DBNJDIUQ" failures="0" tests="3" name="testcases.Login_Test" time="38.843" errors="0" timestamp="2022-06-20T10:46:38 IST" skipped="0">
  <testcase classname="testcases.Login_Test" name="setupApp" time="15.721"/>
  <system-out/>
  <testcase classname="testcases.Login_Test" name="GetAppLaunch" time="15.694"/>
  <system-out/>
  <testcase classname="testcases.Login_Test" name="verifyOtp" time="7.428"/>
  <system-out/>
</testsuite> <!-- testcases.Login_Test -->
