<?xml version="1.0" encoding="UTF-8"?>
<!-- Generated by org.testng.reporters.JUnitReportReporter -->
<testsuite hostname="LAPTOP-DBNJDIUQ" failures="0" tests="3" name="phoenixtesting.Login_Test" time="39.474" errors="0" timestamp="2022-07-19T10:10:11 IST" skipped="0">
  <testcase classname="phoenixtesting.Login_Test" name="setupApp" time="14.417"/>
  <system-out/>
  <testcase classname="phoenixtesting.Login_Test" name="GetAppLaunch" time="17.569"/>
  <system-out/>
  <testcase classname="phoenixtesting.Login_Test" name="verifyOtp" time="7.488"/>
  <system-out/>
</testsuite> <!-- phoenixtesting.Login_Test -->
