<?xml version="1.0" encoding="UTF-8"?>
<!-- Generated by org.testng.reporters.JUnitReportReporter -->
<testsuite hostname="LAPTOP-DBNJDIUQ" failures="0" tests="5" name="phoenixtesting.Offers_Test" time="16.496" errors="0" timestamp="2022-07-18T16:57:57 IST" skipped="0">
  <testcase classname="phoenixtesting.Offers_Test" name="clickonOffers" time="5.703"/>
  <system-out/>
  <testcase classname="phoenixtesting.Offers_Test" name="clickonRewards" time="2.791"/>
  <system-out/>
  <testcase classname="phoenixtesting.Offers_Test" name="viewyourRewards" time="1.154"/>
  <system-out/>
  <testcase classname="phoenixtesting.Offers_Test" name="viewyourcoupens" time="2.931"/>
  <system-out/>
  <testcase classname="phoenixtesting.Offers_Test" name="exitoffers" time="3.917"/>
  <system-out/>
</testsuite> <!-- phoenixtesting.Offers_Test -->
