<?xml version="1.0" encoding="UTF-8"?>
<!-- Generated by org.testng.reporters.JUnitReportReporter -->
<testsuite hostname="LAPTOP-DBNJDIUQ" failures="0" tests="3" name="testcases.Profile_GiftSection_Test" time="8.897" errors="0" timestamp="2022-06-17T18:19:47 IST" skipped="0">
  <testcase classname="testcases.Profile_GiftSection_Test" name="phoenixGiftCard" time="1.417"/>
  <system-out/>
  <testcase classname="testcases.Profile_GiftSection_Test" name="Scroll" time="3.516"/>
  <system-out/>
  <testcase classname="testcases.Profile_GiftSection_Test" name="ExitGiftCard" time="3.964"/>
  <system-out/>
</testsuite> <!-- testcases.Profile_GiftSection_Test -->
