<?xml version="1.0" encoding="UTF-8"?>
<!-- Generated by org.testng.reporters.JUnitReportReporter -->
<testsuite hostname="LAPTOP-DBNJDIUQ" failures="0" tests="4" name="phoenixtesting.Firstlogin_Test" time="38.934" errors="0" timestamp="2022-07-18T14:41:08 IST" skipped="0">
  <testcase classname="phoenixtesting.Firstlogin_Test" name="setupApp" time="9.750"/>
  <system-out/>
  <testcase classname="phoenixtesting.Firstlogin_Test" name="GetAppLaunch" time="18.335"/>
  <system-out/>
  <testcase classname="phoenixtesting.Firstlogin_Test" name="verifyOtp" time="6.494"/>
  <system-out/>
  <testcase classname="phoenixtesting.Firstlogin_Test" name="getUserdetails" time="4.355"/>
  <system-out/>
</testsuite> <!-- phoenixtesting.Firstlogin_Test -->
