<?xml version="1.0" encoding="UTF-8"?>
<!-- Generated by org.testng.reporters.JUnitReportReporter -->
<testsuite hostname="LAPTOP-DBNJDIUQ" failures="0" tests="1" name="phoenixtesting.Way2Finder_Test" time="40.264" errors="0" timestamp="2022-07-18T16:57:57 IST" skipped="0">
  <testcase classname="phoenixtesting.Way2Finder_Test" name="ClickOnWayFinder" time="40.264"/>
  <system-out/>
</testsuite> <!-- phoenixtesting.Way2Finder_Test -->
