<?xml version="1.0" encoding="UTF-8"?>
<!-- Generated by org.testng.reporters.JUnitReportReporter -->
<testsuite hostname="LAPTOP-DBNJDIUQ" failures="0" tests="1" name="phoenixtesting.PayNow_Test" time="30.179" errors="0" timestamp="2022-07-18T16:57:57 IST" skipped="0">
  <testcase classname="phoenixtesting.PayNow_Test" name="ClickonPayNow" time="30.179"/>
  <system-out/>
</testsuite> <!-- phoenixtesting.PayNow_Test -->
