<?xml version="1.0" encoding="UTF-8"?>
<!-- Generated by org.testng.reporters.JUnitReportReporter -->
<testsuite hostname="LAPTOP-DBNJDIUQ" failures="0" tests="1" name="phoenixtesting.Scanbills_Test" time="15.472" errors="0" timestamp="2022-07-18T16:57:57 IST" skipped="0">
  <testcase classname="phoenixtesting.Scanbills_Test" name="clickOnScanBills" time="15.472"/>
  <system-out/>
</testsuite> <!-- phoenixtesting.Scanbills_Test -->
