<?xml version="1.0" encoding="UTF-8"?>
<!-- Generated by org.testng.reporters.JUnitReportReporter -->
<testsuite hostname="LAPTOP-DBNJDIUQ" failures="0" tests="5" name="phoenixtesting.MallFeed_Test" time="32.299" errors="0" timestamp="2022-07-18T16:57:57 IST" skipped="0">
  <testcase classname="phoenixtesting.MallFeed_Test" name="clickOnMallFeed" time="7.999"/>
  <system-out/>
  <testcase classname="phoenixtesting.MallFeed_Test" name="createNewVisit" time="8.037"/>
  <system-out/>
  <testcase classname="phoenixtesting.MallFeed_Test" name="viewSavedVisit" time="5.031"/>
  <system-out/>
  <testcase classname="phoenixtesting.MallFeed_Test" name="clickOnNavigateBtn" time="6.011"/>
  <system-out/>
  <testcase classname="phoenixtesting.MallFeed_Test" name="exitOnMallFeed" time="5.221"/>
  <system-out/>
</testsuite> <!-- phoenixtesting.MallFeed_Test -->
