<?xml version="1.0" encoding="UTF-8"?>
<!-- Generated by org.testng.reporters.JUnitReportReporter -->
<testsuite hostname="LAPTOP-DBNJDIUQ" failures="0" tests="3" name="testcases.Profile_PhoenixGiftCard_Test" time="8.300" errors="0" timestamp="2022-06-20T10:46:38 IST" skipped="0">
  <testcase classname="testcases.Profile_PhoenixGiftCard_Test" name="phoenixGiftCard" time="1.268"/>
  <system-out/>
  <testcase classname="testcases.Profile_PhoenixGiftCard_Test" name="Scroll" time="3.298"/>
  <system-out/>
  <testcase classname="testcases.Profile_PhoenixGiftCard_Test" name="ExitGiftCard" time="3.734"/>
  <system-out/>
</testsuite> <!-- testcases.Profile_PhoenixGiftCard_Test -->
