<?xml version="1.0" encoding="UTF-8"?>
<!-- Generated by org.testng.reporters.JUnitReportReporter -->
<testsuite hostname="LAPTOP-DBNJDIUQ" failures="0" tests="6" name="testcases.Profile_Test" time="24.618" errors="0" timestamp="2022-06-20T10:46:38 IST" skipped="0">
  <testcase classname="testcases.Profile_Test" name="editprofilesectionName" time="8.782"/>
  <system-out/>
  <testcase classname="testcases.Profile_Test" name="editprofilesectionMail" time="4.849"/>
  <system-out/>
  <testcase classname="testcases.Profile_Test" name="selectgender" time="2.547"/>
  <system-out/>
  <testcase classname="testcases.Profile_Test" name="Scroll" time="2.246"/>
  <system-out/>
  <testcase classname="testcases.Profile_Test" name="SaveBirthDayDate" time="2.047"/>
  <system-out/>
  <testcase classname="testcases.Profile_Test" name="SaveAniversayDate" time="4.147"/>
  <system-out/>
</testsuite> <!-- testcases.Profile_Test -->
