<?xml version="1.0" encoding="UTF-8"?>
<!-- Generated by org.testng.reporters.JUnitReportReporter -->
<testsuite hostname="LAPTOP-DBNJDIUQ" failures="0" tests="1" name="phoenixtesting.AddyourCar_Test" time="30.565" errors="0" timestamp="2022-07-18T18:22:39 IST" skipped="0">
  <testcase classname="phoenixtesting.AddyourCar_Test" name="addyourCar" time="30.565"/>
  <system-out/>
</testsuite> <!-- phoenixtesting.AddyourCar_Test -->
